<<<<<<< HEAD
This is pdfTeX, Version 3.14159265-2.6-1.40.19 (TeX Live 2018) (preloaded format=pdflatex 2018.9.28)  30 SEP 2018 15:25
=======
<<<<<<< HEAD
This is pdfTeX, Version 3.14159265-2.6-1.40.16 (TeX Live 2015) (preloaded format=pdflatex 2015.12.19)  30 SEP 2018 15:16
=======
<<<<<<< HEAD
This is pdfTeX, Version 3.14159265-2.6-1.40.19 (TeX Live 2018) (preloaded format=pdflatex 2018.9.28)  30 SEP 2018 15:24
=======
<<<<<<< HEAD
This is pdfTeX, Version 3.14159265-2.6-1.40.16 (TeX Live 2015) (preloaded format=pdflatex 2015.12.19)  30 SEP 2018 15:13
=======
<<<<<<< HEAD
This is pdfTeX, Version 3.14159265-2.6-1.40.19 (TeX Live 2018) (preloaded format=pdflatex 2018.9.28)  30 SEP 2018 15:14
=======
<<<<<<< HEAD
This is pdfTeX, Version 3.14159265-2.6-1.40.16 (TeX Live 2015) (preloaded format=pdflatex 2015.12.19)  30 SEP 2018 15:10
=======
This is pdfTeX, Version 3.14159265-2.6-1.40.19 (TeX Live 2018) (preloaded format=pdflatex 2018.9.28)  30 SEP 2018 15:11
>>>>>>> 0389261b7c923159798dbe4b938abbbe89f23356
>>>>>>> 61c8124f12cf6f51f0de7e78e26b70eb0f97b5d0
>>>>>>> ad3ba60b6a3d0ed2d461addf5a236df9ee54db50
>>>>>>> e3aa5e30281d7826cc8e5f245b29a91a268c288e
>>>>>>> 604415d0ef3140a38c203508cf23cc3e671973c5
>>>>>>> 226d5773c987ad950fdf6e4df7a08a7ab03853b1
entering extended mode
 restricted \write18 enabled.
 file:line:error style messages enabled.
 %&-line parsing enabled.
**letter.tex
(./letter.tex
LaTeX2e <2018-04-01> patch level 2
Babel <3.18> and hyphenation patterns for 84 language(s) loaded.
(/usr/local/texlive/2018/texmf-dist/tex/latex/IEEEconf/IEEEconf.cls
Document Class: IEEEconf 2009/04/05 v1.4 IEEE Computer Society 8.5x11" conferen
ce proceedings
(/usr/local/texlive/2018/texmf-dist/tex/latex/base/article.cls
Document Class: article 2014/09/29 v1.4h Standard LaTeX document class
(/usr/local/texlive/2018/texmf-dist/tex/latex/base/size10.clo
File: size10.clo 2014/09/29 v1.4h Standard LaTeX file (size option)
)
\c@part=\count80
\c@section=\count81
\c@subsection=\count82
\c@subsubsection=\count83
\c@paragraph=\count84
\c@subparagraph=\count85
\c@figure=\count86
\c@table=\count87
\abovecaptionskip=\skip41
\belowcaptionskip=\skip42
\bibindent=\dimen102
)
(/usr/local/texlive/2018/texmf-dist/tex/latex/geometry/geometry.sty
Package: geometry 2018/03/24 v5.7 Page Geometry

(/usr/local/texlive/2018/texmf-dist/tex/latex/graphics/keyval.sty
Package: keyval 2014/10/28 v1.15 key=value parser (DPC)
\KV@toks@=\toks14
)
(/usr/local/texlive/2018/texmf-dist/tex/generic/oberdiek/ifpdf.sty
Package: ifpdf 2017/03/15 v3.2 Provides the ifpdf switch
)
(/usr/local/texlive/2018/texmf-dist/tex/generic/oberdiek/ifvtex.sty
Package: ifvtex 2016/05/16 v1.6 Detect VTeX and its facilities (HO)
Package ifvtex Info: VTeX not detected.
)
(/usr/local/texlive/2018/texmf-dist/tex/generic/ifxetex/ifxetex.sty
Package: ifxetex 2010/09/12 v0.6 Provides ifxetex conditional
)
\Gm@cnth=\count88
\Gm@cntv=\count89
\c@Gm@tempcnt=\count90
\Gm@bindingoffset=\dimen103
\Gm@wd@mp=\dimen104
\Gm@odd@mp=\dimen105
\Gm@even@mp=\dimen106
\Gm@layoutwidth=\dimen107
\Gm@layoutheight=\dimen108
\Gm@layouthoffset=\dimen109
\Gm@layoutvoffset=\dimen110
\Gm@dimlist=\toks15
)
(/usr/local/texlive/2018/texmf-dist/tex/latex/psnfss/mathptmx.sty
Package: mathptmx 2005/04/12 PSNFSS-v9.2a Times w/ Math, improved (SPQR, WaS) 
LaTeX Font Info:    Redeclaring symbol font `operators' on input line 28.
LaTeX Font Info:    Overwriting symbol font `operators' in version `normal'
(Font)                  OT1/cmr/m/n --> OT1/ztmcm/m/n on input line 28.
LaTeX Font Info:    Overwriting symbol font `operators' in version `bold'
(Font)                  OT1/cmr/bx/n --> OT1/ztmcm/m/n on input line 28.
LaTeX Font Info:    Redeclaring symbol font `letters' on input line 29.
LaTeX Font Info:    Overwriting symbol font `letters' in version `normal'
(Font)                  OML/cmm/m/it --> OML/ztmcm/m/it on input line 29.
LaTeX Font Info:    Overwriting symbol font `letters' in version `bold'
(Font)                  OML/cmm/b/it --> OML/ztmcm/m/it on input line 29.
LaTeX Font Info:    Redeclaring symbol font `symbols' on input line 30.
LaTeX Font Info:    Overwriting symbol font `symbols' in version `normal'
(Font)                  OMS/cmsy/m/n --> OMS/ztmcm/m/n on input line 30.
LaTeX Font Info:    Overwriting symbol font `symbols' in version `bold'
(Font)                  OMS/cmsy/b/n --> OMS/ztmcm/m/n on input line 30.
LaTeX Font Info:    Redeclaring symbol font `largesymbols' on input line 31.
LaTeX Font Info:    Overwriting symbol font `largesymbols' in version `normal'
(Font)                  OMX/cmex/m/n --> OMX/ztmcm/m/n on input line 31.
LaTeX Font Info:    Overwriting symbol font `largesymbols' in version `bold'
(Font)                  OMX/cmex/m/n --> OMX/ztmcm/m/n on input line 31.
\symbold=\mathgroup4
\symitalic=\mathgroup5
LaTeX Font Info:    Redeclaring math alphabet \mathbf on input line 34.
LaTeX Font Info:    Overwriting math alphabet `\mathbf' in version `normal'
(Font)                  OT1/cmr/bx/n --> OT1/ptm/bx/n on input line 34.
LaTeX Font Info:    Overwriting math alphabet `\mathbf' in version `bold'
(Font)                  OT1/cmr/bx/n --> OT1/ptm/bx/n on input line 34.
LaTeX Font Info:    Redeclaring math alphabet \mathit on input line 35.
LaTeX Font Info:    Overwriting math alphabet `\mathit' in version `normal'
(Font)                  OT1/cmr/m/it --> OT1/ptm/m/it on input line 35.
LaTeX Font Info:    Overwriting math alphabet `\mathit' in version `bold'
(Font)                  OT1/cmr/bx/it --> OT1/ptm/m/it on input line 35.
LaTeX Info: Redefining \hbar on input line 50.
)
(/usr/local/texlive/2018/texmf-dist/tex/latex/psnfss/helvet.sty
Package: helvet 2005/04/12 PSNFSS-v9.2a (WaS) 
)
(/usr/local/texlive/2018/texmf-dist/tex/latex/psnfss/courier.sty
Package: courier 2005/04/12 PSNFSS-v9.2a (WaS) 
)
(/usr/local/texlive/2018/texmf-dist/tex/latex/tools/array.sty
Package: array 2018/04/07 v2.4g Tabular extension package (FMi)
\col@sep=\dimen111
\ar@mcellbox=\box26
\extrarowheight=\dimen112
\NC@list=\toks16
\extratabsurround=\skip43
\backup@length=\skip44
\ar@cellbox=\box27
)
\ieee@author@width=\skip45

(/usr/local/texlive/2018/texmf-dist/tex/latex/titlesec/titlesec.sty
Package: titlesec 2016/03/21 v2.10.2 Sectioning titles
\ttl@box=\box28
\beforetitleunit=\skip46
\aftertitleunit=\skip47
\ttl@plus=\dimen113
\ttl@minus=\dimen114
\ttl@toksa=\toks17
\titlewidth=\dimen115
\titlewidthlast=\dimen116
\titlewidthfirst=\dimen117
))
(/usr/local/texlive/2018/texmf-dist/tex/latex/enumitem/enumitem.sty
Package: enumitem 2011/09/28 v3.5.2 Customized lists
\labelindent=\skip48
\enit@outerparindent=\dimen118
\enit@toks=\toks18
\enit@inbox=\box29
\enitdp@description=\count91
)
(/usr/local/texlive/2018/texmf-dist/tex/latex/graphics/color.sty
Package: color 2016/07/10 v1.1e Standard LaTeX Color (DPC)

(/usr/local/texlive/2018/texmf-dist/tex/latex/graphics-cfg/color.cfg
File: color.cfg 2016/01/02 v1.6 sample color configuration
)
Package color Info: Driver file: pdftex.def on input line 147.

(/usr/local/texlive/2018/texmf-dist/tex/latex/graphics-def/pdftex.def
File: pdftex.def 2018/01/08 v1.0l Graphics/color driver for pdftex
)
(/usr/local/texlive/2018/texmf-dist/tex/latex/graphics/dvipsnam.def
File: dvipsnam.def 2016/06/17 v3.0m Driver-dependent file (DPC,SPQR)
))
(/usr/local/texlive/2018/texmf-dist/tex/latex/graphics/graphicx.sty
Package: graphicx 2017/06/01 v1.1a Enhanced LaTeX Graphics (DPC,SPQR)

(/usr/local/texlive/2018/texmf-dist/tex/latex/graphics/graphics.sty
Package: graphics 2017/06/25 v1.2c Standard LaTeX Graphics (DPC,SPQR)

(/usr/local/texlive/2018/texmf-dist/tex/latex/graphics/trig.sty
Package: trig 2016/01/03 v1.10 sin cos tan (DPC)
)
(/usr/local/texlive/2018/texmf-dist/tex/latex/graphics-cfg/graphics.cfg
File: graphics.cfg 2016/06/04 v1.11 sample graphics configuration
)
Package graphics Info: Driver file: pdftex.def on input line 99.
)
\Gin@req@height=\dimen119
\Gin@req@width=\dimen120
)
(/usr/local/texlive/2018/texmf-dist/tex/latex/caption/subcaption.sty
Package: subcaption 2016/05/22 v1.1-161 Sub-captions (AR)

(/usr/local/texlive/2018/texmf-dist/tex/latex/caption/caption.sty
Package: caption 2016/02/21 v3.3-144 Customizing captions (AR)

(/usr/local/texlive/2018/texmf-dist/tex/latex/caption/caption3.sty
Package: caption3 2016/05/22 v1.7-166 caption3 kernel (AR)
Package caption3 Info: TeX engine: e-TeX on input line 67.
\captionmargin=\dimen121
\captionmargin@=\dimen122
\captionwidth=\dimen123
\caption@tempdima=\dimen124
\caption@indent=\dimen125
\caption@parindent=\dimen126
\caption@hangindent=\dimen127
Package caption Info: Unknown document class (or package),
(caption)             standard defaults will be used.
)

Package caption Warning: Unsupported document class (or package) detected,
(caption)                usage of the caption package is not recommended.
See the caption package documentation for explanation.

Package caption Info: \@makecaption = \long macro:#1#2->\vskip \abovecaptionski
p \sbox \@tempboxa {\ieee@helv@x@bold #1. #2}\ifdim \wd \@tempboxa >\hsize \iee
e@helv@x@bold #1. #2\par \else \global \@minipagefalse \hb@xt@ \hsize {\hfil \b
ox \@tempboxa \hfil }\fi \vskip \belowcaptionskip .
\c@ContinuedFloat=\count92
)
\c@subfigure=\count93
\c@subtable=\count94
) (/usr/local/texlive/2018/texmf-dist/tex/generic/ulem/ulem.sty
\UL@box=\box30
\UL@hyphenbox=\box31
\UL@skip=\skip49
\UL@hook=\toks19
\UL@height=\dimen128
\UL@pe=\count95
\UL@pixel=\dimen129
\ULC@box=\box32
Package: ulem 2012/05/18
\ULdepth=\dimen130
)
(/usr/local/texlive/2018/texmf-dist/tex/latex/multirow/multirow.sty
Package: multirow 2016/11/25 v2.2 Span multiple rows of a table
\multirow@colwidth=\skip50
\multirow@cntb=\count96
\multirow@dima=\skip51
\bigstrutjot=\dimen131
)
(./letter.aux)
\openout1 = `letter.aux'.

LaTeX Font Info:    Checking defaults for OML/cmm/m/it on input line 16.
LaTeX Font Info:    ... okay on input line 16.
LaTeX Font Info:    Checking defaults for T1/cmr/m/n on input line 16.
LaTeX Font Info:    ... okay on input line 16.
LaTeX Font Info:    Checking defaults for OT1/cmr/m/n on input line 16.
LaTeX Font Info:    ... okay on input line 16.
LaTeX Font Info:    Checking defaults for OMS/cmsy/m/n on input line 16.
LaTeX Font Info:    ... okay on input line 16.
LaTeX Font Info:    Checking defaults for OMX/cmex/m/n on input line 16.
LaTeX Font Info:    ... okay on input line 16.
LaTeX Font Info:    Checking defaults for U/cmr/m/n on input line 16.
LaTeX Font Info:    ... okay on input line 16.
LaTeX Font Info:    Try loading font information for OT1+ptm on input line 16.
 (/usr/local/texlive/2018/texmf-dist/tex/latex/psnfss/ot1ptm.fd
File: ot1ptm.fd 2001/06/04 font definitions for OT1/ptm.
)
*geometry* driver: auto-detecting
*geometry* detected driver: pdftex
*geometry* verbose mode - [ preamble ] result:
* driver: pdftex
* paper: <default>
* layout: <same size as paper>
* layoutoffset:(h,v)=(0.0pt,0.0pt)
* modes: 
* h-part:(L,W,R)=(72.27pt, 469.75499pt, 72.27pt)
* v-part:(T,H,B)=(72.26999pt, 641.39624pt, 81.30376pt)
* \paperwidth=614.295pt
* \paperheight=794.96999pt
* \textwidth=469.75499pt
* \textheight=641.39624pt
* \oddsidemargin=0.00002pt
* \evensidemargin=0.00002pt
* \topmargin=0.0pt
* \headheight=0.0pt
* \headsep=0.0pt
* \topskip=10.0pt
* \footskip=0.0pt
* \marginparwidth=65.0pt
* \marginparsep=11.0pt
* \columnsep=27.10124pt
* \skip\footins=9.0pt plus 4.0pt minus 2.0pt
* \hoffset=0.0pt
* \voffset=0.0pt
* \mag=1000
* \@twocolumnfalse
* \@twosidefalse
* \@mparswitchfalse
* \@reversemarginfalse
* (1in=72.27pt=25.4mm, 1cm=28.453pt)

\big@size=\dimen132
(/usr/local/texlive/2018/texmf-dist/tex/context/base/mkii/supp-pdf.mkii
[Loading MPS to PDF converter (version 2006.09.02).]
\scratchcounter=\count97
\scratchdimen=\dimen133
\scratchbox=\box33
\nofMPsegments=\count98
\nofMParguments=\count99
\everyMPshowfont=\toks20
\MPscratchCnt=\count100
\MPscratchDim=\dimen134
\MPnumerator=\count101
\makeMPintoPDFobject=\count102
\everyMPtoPDFconversion=\toks21
) (/usr/local/texlive/2018/texmf-dist/tex/latex/oberdiek/epstopdf-base.sty
Package: epstopdf-base 2016/05/15 v2.6 Base part for package epstopdf

(/usr/local/texlive/2018/texmf-dist/tex/generic/oberdiek/infwarerr.sty
Package: infwarerr 2016/05/16 v1.4 Providing info/warning/error messages (HO)
)
(/usr/local/texlive/2018/texmf-dist/tex/latex/oberdiek/grfext.sty
Package: grfext 2016/05/16 v1.2 Manage graphics extensions (HO)

(/usr/local/texlive/2018/texmf-dist/tex/generic/oberdiek/kvdefinekeys.sty
Package: kvdefinekeys 2016/05/16 v1.4 Define keys (HO)

(/usr/local/texlive/2018/texmf-dist/tex/generic/oberdiek/ltxcmds.sty
Package: ltxcmds 2016/05/16 v1.23 LaTeX kernel commands for general use (HO)
)))
(/usr/local/texlive/2018/texmf-dist/tex/latex/oberdiek/kvoptions.sty
Package: kvoptions 2016/05/16 v3.12 Key value format for package options (HO)

(/usr/local/texlive/2018/texmf-dist/tex/generic/oberdiek/kvsetkeys.sty
Package: kvsetkeys 2016/05/16 v1.17 Key value parser (HO)

(/usr/local/texlive/2018/texmf-dist/tex/generic/oberdiek/etexcmds.sty
Package: etexcmds 2016/05/16 v1.6 Avoid name clashes with e-TeX commands (HO)

(/usr/local/texlive/2018/texmf-dist/tex/generic/oberdiek/ifluatex.sty
Package: ifluatex 2016/05/16 v1.4 Provides the ifluatex switch (HO)
Package ifluatex Info: LuaTeX not detected.
)
Package etexcmds Info: Could not find \expanded.
(etexcmds)             That can mean that you are not using pdfTeX 1.50 or
(etexcmds)             that some package has redefined \expanded.
(etexcmds)             In the latter case, load this package earlier.
)))
(/usr/local/texlive/2018/texmf-dist/tex/generic/oberdiek/pdftexcmds.sty
Package: pdftexcmds 2018/01/30 v0.27 Utility functions of pdfTeX for LuaTeX (HO
)
Package pdftexcmds Info: LuaTeX not detected.
Package pdftexcmds Info: \pdf@primitive is available.
Package pdftexcmds Info: \pdf@ifprimitive is available.
Package pdftexcmds Info: \pdfdraftmode found.
)
Package epstopdf-base Info: Redefining graphics rule for `.eps' on input line 4
38.
Package grfext Info: Graphics extension search list:
(grfext)             [.pdf,.png,.jpg,.mps,.jpeg,.jbig2,.jb2,.PDF,.PNG,.JPG,.JPE
G,.JBIG2,.JB2,.eps]
(grfext)             \AppendGraphicsExtensions on input line 456.

(/usr/local/texlive/2018/texmf-dist/tex/latex/latexconfig/epstopdf-sys.cfg
File: epstopdf-sys.cfg 2010/07/13 v1.3 Configuration of (r)epstopdf for TeX Liv
e
))
Package caption Info: Begin \AtBeginDocument code.
Package caption Info: End \AtBeginDocument code.
LaTeX Font Info:    Font shape `OT1/ptm/bx/n' in size <10> not available
(Font)              Font shape `OT1/ptm/b/n' tried instead on input line 18.
LaTeX Font Info:    Font shape `OT1/ptm/bx/n' in size <14> not available
(Font)              Font shape `OT1/ptm/b/n' tried instead on input line 18.
LaTeX Font Info:    Try loading font information for OT1+ztmcm on input line 18
.

(/usr/local/texlive/2018/texmf-dist/tex/latex/psnfss/ot1ztmcm.fd
File: ot1ztmcm.fd 2000/01/03 Fontinst v1.801 font definitions for OT1/ztmcm.
)
LaTeX Font Info:    Try loading font information for OML+ztmcm on input line 18
.

(/usr/local/texlive/2018/texmf-dist/tex/latex/psnfss/omlztmcm.fd
File: omlztmcm.fd 2000/01/03 Fontinst v1.801 font definitions for OML/ztmcm.
)
LaTeX Font Info:    Try loading font information for OMS+ztmcm on input line 18
.

(/usr/local/texlive/2018/texmf-dist/tex/latex/psnfss/omsztmcm.fd
File: omsztmcm.fd 2000/01/03 Fontinst v1.801 font definitions for OMS/ztmcm.
)
LaTeX Font Info:    Try loading font information for OMX+ztmcm on input line 18
.

(/usr/local/texlive/2018/texmf-dist/tex/latex/psnfss/omxztmcm.fd
File: omxztmcm.fd 2000/01/03 Fontinst v1.801 font definitions for OMX/ztmcm.
)
LaTeX Font Info:    Font shape `OT1/ptm/bx/n' in size <12> not available
(Font)              Font shape `OT1/ptm/b/n' tried instead on input line 18.
LaTeX Font Info:    Font shape `OT1/ptm/bx/n' in size <9> not available
(Font)              Font shape `OT1/ptm/b/n' tried instead on input line 18.
LaTeX Font Info:    Font shape `OT1/ptm/bx/n' in size <7> not available
(Font)              Font shape `OT1/ptm/b/n' tried instead on input line 18.


LaTeX Warning: No \author given.


LaTeX Warning: No \author given.


Underfull \hbox (badness 10000) in paragraph at lines 24--25

 []

LaTeX Font Info:    Font shape `OT1/ptm/bx/n' in size <7.4> not available
(Font)              Font shape `OT1/ptm/b/n' tried instead on input line 38.
LaTeX Font Info:    Font shape `OT1/ptm/bx/n' in size <6> not available
(Font)              Font shape `OT1/ptm/b/n' tried instead on input line 38.

Underfull \hbox (badness 10000) in paragraph at lines 38--39

 []

[1

{/usr/local/texlive/2018/texmf-var/fonts/map/pdftex/updmap/pdftex.map}]
Underfull \hbox (badness 10000) in paragraph at lines 50--53

 []

<Figures/Bolt_EV_range.jpg, id=9, 497.86pt x 328.22626pt>
File: Figures/Bolt_EV_range.jpg Graphic file (type jpg)
<use Figures/Bolt_EV_range.jpg>
Package pdftex.def Info: Figures/Bolt_EV_range.jpg  used on input line 64.
(pdftex.def)             Requested size: 220.78542pt x 145.56189pt.
<Figures/Range-speed_validation.pdf, id=10, 361.65984pt x 260.3597pt>
File: Figures/Range-speed_validation.pdf Graphic file (type pdf)
<use Figures/Range-speed_validation.pdf>
Package pdftex.def Info: Figures/Range-speed_validation.pdf  used on input line
 70.
(pdftex.def)             Requested size: 220.78542pt x 158.94232pt.

LaTeX Warning: `!h' float specifier changed to `!ht'.


Overfull \hbox (9.55157pt too wide) in paragraph at lines 79--80
[]\OT1/ptm/m/n/10 [36] ``Chevro-let bolt EV,'' Ge-neal-ogy Web Page of L. David
 Roper, http://www.roperld.com/science/chevybolt.htm. 
 []

[2]
Underfull \hbox (badness 10000) in paragraph at lines 96--97

 []

<Figures/EDP_comp_profile.pdf, id=14, 669.36426pt x 655.44875pt>
File: Figures/EDP_comp_profile.pdf Graphic file (type pdf)
<use Figures/EDP_comp_profile.pdf>
Package pdftex.def Info: Figures/EDP_comp_profile.pdf  used on input line 103.
(pdftex.def)             Requested size: 281.85585pt x 275.99669pt.

LaTeX Warning: `!h' float specifier changed to `!ht'.

<Figures/EDP_comp_bar.pdf, id=15, 576.03708pt x 547.89882pt>
File: Figures/EDP_comp_bar.pdf Graphic file (type pdf)
<use Figures/EDP_comp_bar.pdf>
Package pdftex.def Info: Figures/EDP_comp_bar.pdf  used on input line 111.
(pdftex.def)             Requested size: 281.85585pt x 268.0882pt.

LaTeX Warning: `!h' float specifier changed to `!ht'.

[3 <./Figures/Bolt_EV_range.jpg> <./Figures/Range-speed_validation.pdf>]
[4 <./Figures/EDP_comp_profile.pdf> <./Figures/EDP_comp_bar.pdf>]
Underfull \hbox (badness 10000) in paragraph at lines 145--146

 []


Underfull \hbox (badness 10000) in paragraph at lines 147--151

 []

[5]
<Figures/Histogram_legend.pdf, id=398, 564.93971pt x 174.48207pt>
File: Figures/Histogram_legend.pdf Graphic file (type pdf)
<use Figures/Histogram_legend.pdf>
Package pdftex.def Info: Figures/Histogram_legend.pdf  used on input line 159.
(pdftex.def)             Requested size: 211.3883pt x 65.28683pt.
<Figures/Histogram_noconst_vel.pdf, id=399, 573.38165pt x 257.32407pt>
File: Figures/Histogram_noconst_vel.pdf Graphic file (type pdf)
<use Figures/Histogram_noconst_vel.pdf>
Package pdftex.def Info: Figures/Histogram_noconst_vel.pdf  used on input line 
163.
(pdftex.def)             Requested size: 211.3883pt x 94.8668pt.
<Figures/Histogram_noconst_acc.pdf, id=400, 573.38165pt x 257.32407pt>
File: Figures/Histogram_noconst_acc.pdf Graphic file (type pdf)
<use Figures/Histogram_noconst_acc.pdf>
Package pdftex.def Info: Figures/Histogram_noconst_acc.pdf  used on input line 
169.
(pdftex.def)             Requested size: 211.3883pt x 94.8668pt.
<Figures/Histogram_vel.pdf, id=401, 563.83188pt x 254.44249pt>
File: Figures/Histogram_vel.pdf Graphic file (type pdf)
<use Figures/Histogram_vel.pdf>
Package pdftex.def Info: Figures/Histogram_vel.pdf  used on input line 175.
(pdftex.def)             Requested size: 211.3883pt x 95.3924pt.
<Figures/Histogram_acc.pdf, id=402, 562.91162pt x 254.67416pt>
File: Figures/Histogram_acc.pdf Graphic file (type pdf)
<use Figures/Histogram_acc.pdf>
Package pdftex.def Info: Figures/Histogram_acc.pdf  used on input line 181.
(pdftex.def)             Requested size: 211.3883pt x 95.63469pt.
<<<<<<< HEAD
=======
<<<<<<< HEAD
=======
<<<<<<< HEAD
=======
<<<<<<< HEAD
=======
<<<<<<< HEAD
>>>>>>> e3aa5e30281d7826cc8e5f245b29a91a268c288e
>>>>>>> 604415d0ef3140a38c203508cf23cc3e671973c5
>>>>>>> 226d5773c987ad950fdf6e4df7a08a7ab03853b1

Underfull \hbox (badness 10000) in paragraph at lines 193--196

 []


Underfull \hbox (badness 10000) in paragraph at lines 193--196

 []

[6 <./Figures/Histogram_legend.pdf> <./Figures/Histogram_noconst_vel.pdf> <./Fi
gures/Histogram_noconst_acc.pdf> <./Figures/Histogram_vel.pdf> <./Figures/Histo
gram_acc.pdf>]
<Figures/Benchmark_altitude.pdf, id=2078, 631.31998pt x 333.62881pt>
File: Figures/Benchmark_altitude.pdf Graphic file (type pdf)
<<<<<<< HEAD
=======
<use Figures/Benchmark_altitude.pdf>
Package pdftex.def Info: Figures/Benchmark_altitude.pdf  used on input line 220
.
(pdftex.def)             Requested size: 328.82706pt x 173.77306pt.
 [7 <./Figures/Benchmark_altitude.pdf>]
LaTeX Font Info:    Try loading font information for OMS+ptm on input line 245.
<<<<<<< HEAD
=======
<<<<<<< HEAD
=======
=======
LaTeX Font Info:    Font shape `OT1/ptm/bx/n' in size <11> not available
(Font)              Font shape `OT1/ptm/b/n' tried instead on input line 192.
>>>>>>> ad3ba60b6a3d0ed2d461addf5a236df9ee54db50
 [6 <./Figures/Histogram_legend.pdf> <./Figures/Histogram_noconst_vel.pdf> <./F
igures/Histogram_noconst_acc.pdf> <./Figures/Histogram_vel.pdf> <./Figures/Hist
ogram_acc.pdf>]
<Figures/Benchmark_altitude.pdf, id=2078, 631.31998pt x 333.62881pt>
File: Figures/Benchmark_altitude.pdf Graphic file (type pdf)
>>>>>>> 604415d0ef3140a38c203508cf23cc3e671973c5

<use Figures/Benchmark_altitude.pdf>
Package pdftex.def Info: Figures/Benchmark_altitude.pdf used on input line 220.

(pdftex.def)             Requested size: 328.82706pt x 173.77306pt.
 [7 <./Figures/Benchmark_altitude.pdf>]
<<<<<<< HEAD
LaTeX Font Info:    Try loading font information for OMS+ptm on input line 245.
=======
LaTeX Font Info:    Try loading font information for OMS+ptm on input line 244.
<<<<<<< HEAD
=======
>>>>>>> 0389261b7c923159798dbe4b938abbbe89f23356
>>>>>>> 61c8124f12cf6f51f0de7e78e26b70eb0f97b5d0
>>>>>>> ad3ba60b6a3d0ed2d461addf5a236df9ee54db50
>>>>>>> e3aa5e30281d7826cc8e5f245b29a91a268c288e
>>>>>>> 604415d0ef3140a38c203508cf23cc3e671973c5
>>>>>>> 226d5773c987ad950fdf6e4df7a08a7ab03853b1


(/usr/local/texlive/2018/texmf-dist/tex/latex/psnfss/omsptm.fd
File: omsptm.fd 
)
LaTeX Font Info:    Font shape `OMS/ptm/m/n' in size <10> not available
<<<<<<< HEAD
(Font)              Font shape `OMS/cmsy/m/n' tried instead on input line 245.
 [8]
Underfull \hbox (badness 10000) in paragraph at lines 296--297
=======
<<<<<<< HEAD
=======
<<<<<<< HEAD
(Font)              Font shape `OMS/cmsy/m/n' tried instead on input line 245.
 [8]
Underfull \hbox (badness 10000) in paragraph at lines 294--296
=======
<<<<<<< HEAD
(Font)              Font shape `OMS/cmsy/m/n' tried instead on input line 244.
=======
<<<<<<< HEAD
>>>>>>> 604415d0ef3140a38c203508cf23cc3e671973c5
(Font)              Font shape `OMS/cmsy/m/n' tried instead on input line 245.
Missing character: There is no ‚ in font ptmr7t!
Missing character: There is no Ä in font ptmr7t!
Missing character: There is no ¶ in font ptmr7t!
Missing character: There is no ‚ in font ptmr7t!
Missing character: There is no Ä in font ptmr7t!
Missing character: There is no ù in font ptmr7t!
Missing character: There is no ‚ in font ptmr7t!
Missing character: There is no Ä in font ptmr7t!
Missing character: There is no ú in font ptmr7t!
 [8]
<<<<<<< HEAD
Underfull \hbox (badness 10000) in paragraph at lines 294--295
=======
Underfull \hbox (badness 10000) in paragraph at lines 293--294
<<<<<<< HEAD
=======
>>>>>>> 0389261b7c923159798dbe4b938abbbe89f23356
>>>>>>> 61c8124f12cf6f51f0de7e78e26b70eb0f97b5d0
>>>>>>> ad3ba60b6a3d0ed2d461addf5a236df9ee54db50
>>>>>>> e3aa5e30281d7826cc8e5f245b29a91a268c288e
>>>>>>> 604415d0ef3140a38c203508cf23cc3e671973c5
>>>>>>> 226d5773c987ad950fdf6e4df7a08a7ab03853b1

 []

[9] [10] (./letter.aux) ) 
Here is how much of TeX's memory you used:
 4227 strings out of 492649
 67094 string characters out of 6129622
 145896 words of memory out of 5000000
 8021 multiletter control sequences out of 15000+600000
 30124 words of font info for 66 fonts, out of 8000000 for 9000
 1141 hyphenation exceptions out of 8191
<<<<<<< HEAD
=======
=======
 4270 strings out of 493089
 67773 string characters out of 6134841
 141544 words of memory out of 5000000
 7668 multiletter control sequences out of 15000+600000
 30124 words of font info for 66 fonts, out of 8000000 for 9000
 1141 hyphenation exceptions out of 8191
 42i,10n,40p,1364b,559s stack positions out of 5000i,500n,10000p,200000b,80000s
{/usr/local/texlive/2015/texmf-dist/fonts/enc/dvips/ba
se/8r.enc}</usr/local/texlive/2015/texmf-dist/fonts/type1/public/amsfonts/cm/cm
mi10.pfb></usr/local/texlive/2015/texmf-dist/fonts/type1/public/amsfonts/cm/cmr
10.pfb></usr/local/texlive/2015/texmf-dist/fonts/type1/public/amsfonts/cm/cmsy1
0.pfb></usr/local/texlive/2015/texmf-dist/fonts/type1/urw/times/utmb8a.pfb></us
r/local/texlive/2015/texmf-dist/fonts/type1/urw/times/utmr8a.pfb></usr/local/te
xlive/2015/texmf-dist/fonts/type1/urw/times/utmri8a.pfb>
<<<<<<< HEAD
Output written on letter.pdf (10 pages, 834946 bytes).
=======
Output written on letter.pdf (10 pages, 834198 bytes).
=======
>>>>>>> e3aa5e30281d7826cc8e5f245b29a91a268c288e
>>>>>>> 226d5773c987ad950fdf6e4df7a08a7ab03853b1
 42i,10n,40p,1364b,557s stack positions out of 5000i,500n,10000p,200000b,80000s
{/usr/local/texlive/2018/texmf-dist/fonts/enc/dvips/ba
se/8r.enc}</usr/local/texlive/2018/texmf-dist/fonts/type1/public/amsfonts/cm/cm
mi10.pfb></usr/local/texlive/2018/texmf-dist/fonts/type1/public/amsfonts/cm/cmr
10.pfb></usr/local/texlive/2018/texmf-dist/fonts/type1/public/amsfonts/cm/cmsy1
0.pfb></usr/local/texlive/2018/texmf-dist/fonts/type1/urw/times/utmb8a.pfb></us
r/local/texlive/2018/texmf-dist/fonts/type1/urw/times/utmr8a.pfb></usr/local/te
xlive/2018/texmf-dist/fonts/type1/urw/times/utmri8a.pfb>
<<<<<<< HEAD
Output written on letter.pdf (10 pages, 835246 bytes).
=======
<<<<<<< HEAD
Output written on letter.pdf (10 pages, 835250 bytes).
=======
Output written on letter.pdf (10 pages, 834199 bytes).
>>>>>>> 0389261b7c923159798dbe4b938abbbe89f23356
>>>>>>> 61c8124f12cf6f51f0de7e78e26b70eb0f97b5d0
>>>>>>> ad3ba60b6a3d0ed2d461addf5a236df9ee54db50
>>>>>>> e3aa5e30281d7826cc8e5f245b29a91a268c288e
>>>>>>> 604415d0ef3140a38c203508cf23cc3e671973c5
>>>>>>> 226d5773c987ad950fdf6e4df7a08a7ab03853b1
PDF statistics:
 2132 PDF objects out of 2487 (max. 8388607)
 1423 compressed objects within 15 object streams
 0 named destinations out of 1000 (max. 500000)
 51 words of extra memory for PDF output out of 10000 (max. 10000000)

